0 info it worked if it ends with ok
1 verbose cli [ '/usr/local/bin/node',
1 verbose cli   '/usr/local/bin/npm',
1 verbose cli   'install',
1 verbose cli   '-g',
1 verbose cli   'ios-deploy' ]
2 info using npm@3.3.6
3 info using node@v5.0.0
4 silly loadCurrentTree Starting
5 silly install loadCurrentTree
6 silly install readGlobalPackageData
7 silly fetchPackageMetaData ios-deploy
8 silly fetchNamedPackageData ios-deploy
9 silly mapToRegistry name ios-deploy
10 silly mapToRegistry using default registry
11 silly mapToRegistry registry https://registry.npmjs.org/
12 silly mapToRegistry uri https://registry.npmjs.org/ios-deploy
13 verbose get https://registry.npmjs.org/ios-deploy not expired, no request
14 silly install normalizeTree
15 silly loadCurrentTree Finishing
16 silly loadIdealTree Starting
17 silly install loadIdealTree
18 silly cloneCurrentTree Starting
19 silly install cloneCurrentTreeToIdealTree
20 silly cloneCurrentTree Finishing
21 silly loadShrinkwrap Starting
22 silly install loadShrinkwrap
23 silly loadShrinkwrap Finishing
24 silly loadAllDepsIntoIdealTree Starting
25 silly install loadAllDepsIntoIdealTree
26 silly resolveWithNewModule ios-deploy@1.8.6 checking installable status
27 silly cache add args [ 'ios-deploy', null ]
28 verbose cache add spec ios-deploy
29 silly cache add parsed spec Result {
29 silly cache add   raw: 'ios-deploy',
29 silly cache add   scope: null,
29 silly cache add   name: 'ios-deploy',
29 silly cache add   rawSpec: '',
29 silly cache add   spec: '*',
29 silly cache add   type: 'range' }
30 silly addNamed ios-deploy@*
31 verbose addNamed "*" is a valid semver range for ios-deploy
32 silly addNameRange { name: 'ios-deploy', range: '*', hasData: false }
33 silly mapToRegistry name ios-deploy
34 silly mapToRegistry using default registry
35 silly mapToRegistry registry https://registry.npmjs.org/
36 silly mapToRegistry uri https://registry.npmjs.org/ios-deploy
37 verbose addNameRange registry:https://registry.npmjs.org/ios-deploy not in flight; fetching
38 verbose get https://registry.npmjs.org/ios-deploy not expired, no request
39 silly addNameRange number 2 { name: 'ios-deploy', range: '*', hasData: true }
40 silly addNameRange versions [ 'ios-deploy',
40 silly addNameRange   [ '1.0.1',
40 silly addNameRange     '1.0.2',
40 silly addNameRange     '1.0.3',
40 silly addNameRange     '1.0.4',
40 silly addNameRange     '1.0.5',
40 silly addNameRange     '1.0.6',
40 silly addNameRange     '1.0.7',
40 silly addNameRange     '1.0.8',
40 silly addNameRange     '1.0.9',
40 silly addNameRange     '1.1.0',
40 silly addNameRange     '1.2.0',
40 silly addNameRange     '1.3.0',
40 silly addNameRange     '1.3.1',
40 silly addNameRange     '1.3.2',
40 silly addNameRange     '1.4.0',
40 silly addNameRange     '1.5.0',
40 silly addNameRange     '1.6.0',
40 silly addNameRange     '1.6.1',
40 silly addNameRange     '1.6.2',
40 silly addNameRange     '1.6.3',
40 silly addNameRange     '1.7.0',
40 silly addNameRange     '1.8.0',
40 silly addNameRange     '1.8.1',
40 silly addNameRange     '1.8.2',
40 silly addNameRange     '1.8.3',
40 silly addNameRange     '1.8.4',
40 silly addNameRange     '1.8.5',
40 silly addNameRange     '1.8.6' ] ]
41 silly addNamed ios-deploy@1.8.6
42 verbose addNamed "1.8.6" is a plain semver version for ios-deploy
43 silly cache afterAdd ios-deploy@1.8.6
44 verbose afterAdd /Users/faeezshaikh/.npm/ios-deploy/1.8.6/package/package.json not in flight; writing
45 verbose afterAdd /Users/faeezshaikh/.npm/ios-deploy/1.8.6/package/package.json written
46 silly loadAllDepsIntoIdealTree Finishing
47 silly idealTree:prePrune /usr/local/lib
47 silly idealTree:prePrune └── ios-deploy@1.8.6
48 silly loadIdealTree Finishing
49 silly currentTree /usr/local/lib
50 silly idealTree /usr/local/lib
50 silly idealTree └── ios-deploy@1.8.6
51 silly generateActionsToTake Starting
52 silly install generateActionsToTake
53 silly generateActionsToTake Finishing
54 silly diffTrees action count 1
55 silly diffTrees add ios-deploy@1.8.6
56 silly decomposeActions action count 8
57 silly decomposeActions fetch ios-deploy@1.8.6
58 silly decomposeActions extract ios-deploy@1.8.6
59 silly decomposeActions preinstall ios-deploy@1.8.6
60 silly decomposeActions build ios-deploy@1.8.6
61 silly decomposeActions install ios-deploy@1.8.6
62 silly decomposeActions postinstall ios-deploy@1.8.6
63 silly decomposeActions test ios-deploy@1.8.6
64 silly decomposeActions finalize ios-deploy@1.8.6
65 silly executeActions Starting
66 silly install executeActions
67 silly doSerial global-install 0
68 silly doParallel fetch 1
69 verbose lock using /Users/faeezshaikh/.npm/_locks/staging-3a08f0df5026584d.lock for /usr/local/lib/node_modules/.staging
70 silly doParallel extract 1
71 silly extract ios-deploy
72 verbose unbuild lib/node_modules/.staging/ios-deploy-fbfd9f76b9a8909271fae167aab47715
73 silly gentlyRm /usr/local/lib/node_modules/.staging/ios-deploy-fbfd9f76b9a8909271fae167aab47715 is being purged from base /usr/local
74 verbose gentlyRm don't care about contents; nuking /usr/local/lib/node_modules/.staging/ios-deploy-fbfd9f76b9a8909271fae167aab47715
75 verbose tar unpack /Users/faeezshaikh/.npm/ios-deploy/1.8.6/package.tgz
76 verbose tar unpacking to /usr/local/lib/node_modules/.staging/ios-deploy-fbfd9f76b9a8909271fae167aab47715
77 silly gentlyRm /usr/local/lib/node_modules/.staging/ios-deploy-fbfd9f76b9a8909271fae167aab47715 is being purged
78 verbose gentlyRm don't care about contents; nuking /usr/local/lib/node_modules/.staging/ios-deploy-fbfd9f76b9a8909271fae167aab47715
79 silly gunzTarPerm modes [ '755', '644' ]
80 silly gunzTarPerm extractEntry package.json
81 silly gunzTarPerm extractEntry .npmignore
82 silly gunzTarPerm extractEntry README.md
83 silly gunzTarPerm extractEntry LICENSE
84 silly gunzTarPerm extractEntry CONTRIBUTING.md
85 silly gunzTarPerm extractEntry demo/.npmignore
86 silly gunzTarPerm extractEntry demo/Entitlements.plist
87 silly gunzTarPerm extractEntry demo/Info.plist
88 silly gunzTarPerm extractEntry demo/Makefile
89 silly gunzTarPerm extractEntry demo/ResourceRules.plist
90 silly gunzTarPerm extractEntry demo/demo.c
91 silly gunzTarPerm extractEntry ios-deploy.xcodeproj/project.pbxproj
92 silly gunzTarPerm extractEntry ios-deploy.xcodeproj/project.xcworkspace/xcuserdata/shaz.xcuserdatad/UserInterfaceState.xcuserstate
93 silly gunzTarPerm extractEntry ios-deploy.xcodeproj/xcshareddata/xcschemes/ios-deploy-tests.xcscheme
94 silly gunzTarPerm extractEntry ios-deploy.xcodeproj/xcuserdata/shaz.xcuserdatad/xcschemes/ios-deploy-lib.xcscheme
95 silly gunzTarPerm extractEntry ios-deploy.xcodeproj/xcuserdata/shaz.xcuserdatad/xcschemes/ios-deploy.xcscheme
96 silly gunzTarPerm extractEntry ios-deploy.xcodeproj/xcuserdata/shaz.xcuserdatad/xcschemes/xcschememanagement.plist
97 silly gunzTarPerm extractEntry src/ios-deploy/MobileDevice.h
98 silly gunzTarPerm extractEntry src/ios-deploy/errors.h
99 silly gunzTarPerm extractEntry src/ios-deploy/ios-deploy.m
100 silly gunzTarPerm extractEntry src/ios-deploy/version.h
101 silly gunzTarPerm extractEntry src/ios-deploy-lib/libios_deploy.h
102 silly gunzTarPerm extractEntry src/ios-deploy-lib/libios_deploy.m
103 silly gunzTarPerm extractEntry src/ios-deploy-tests/Info.plist
104 silly gunzTarPerm extractEntry src/ios-deploy-tests/ios_deploy_tests.m
105 silly gunzTarPerm extractEntry src/scripts/check_reqs.js
106 silly gunzTarPerm extractEntry src/scripts/lldb.py
107 silly doParallel preinstall 1
108 silly preinstall ios-deploy /usr/local/lib/node_modules/.staging/ios-deploy-fbfd9f76b9a8909271fae167aab47715
109 info lifecycle ios-deploy@1.8.6~preinstall: ios-deploy@1.8.6
110 warn lifecycle ios-deploy@1.8.6~preinstall: cannot run in wd %s %s (wd=%s) ios-deploy@1.8.6 ./src/scripts/check_reqs.js && xcodebuild /usr/local/lib/node_modules/.staging/ios-deploy-fbfd9f76b9a8909271fae167aab47715
111 silly doReverseSerial remove 0
112 silly doSerial move 0
113 silly doSerial finalize 1
114 silly finalize /usr/local/lib/node_modules/ios-deploy
115 silly doSerial build 1
116 silly build ios-deploy
117 info linkStuff ios-deploy@1.8.6
118 silly linkStuff ios-deploy@1.8.6 has /usr/local/lib/node_modules as its parent node_modules
119 silly linkStuff ios-deploy@1.8.6 is part of a global install
120 silly linkStuff ios-deploy@1.8.6 is installed into a global node_modules
121 silly linkStuff ios-deploy@1.8.6 is installed into the top-level global node_modules
122 verbose linkBins ios-deploy@1.8.6
123 verbose link bins [ { 'ios-deploy': './build/Release/ios-deploy' },
123 verbose link bins   '/usr/local/bin',
123 verbose link bins   true ]
124 verbose linkMans ios-deploy@1.8.6
125 verbose rebuildBundles ios-deploy@1.8.6
126 verbose unlock done using /Users/faeezshaikh/.npm/_locks/staging-3a08f0df5026584d.lock for /usr/local/lib/node_modules/.staging
127 silly rollbackFailedOptional Starting
128 silly rollbackFailedOptional Finishing
129 silly runTopLevelLifecycles Starting
130 silly runTopLevelLifecycles Finishing
131 silly install printInstalled
132 verbose stack Error: ENOENT: no such file or directory, chmod '/usr/local/lib/node_modules/ios-deploy/build/Release/ios-deploy'
132 verbose stack     at Error (native)
133 verbose cwd /Users/faeezshaikh/git/kumon
134 error Darwin 15.0.0
135 error argv "/usr/local/bin/node" "/usr/local/bin/npm" "install" "-g" "ios-deploy"
136 error node v5.0.0
137 error npm  v3.3.6
138 error path /usr/local/lib/node_modules/ios-deploy/build/Release/ios-deploy
139 error code ENOENT
140 error errno -2
141 error syscall chmod
142 error enoent ENOENT: no such file or directory, chmod '/usr/local/lib/node_modules/ios-deploy/build/Release/ios-deploy'
142 error enoent This is most likely not a problem with npm itself
142 error enoent and is related to npm not being able to find a file.
143 verbose exit [ -2, true ]
